<?xml version="1.0" encoding="UTF-8"?>
<testng-results skipped="0" failed="0" ignored="0" total="1" passed="1">
  <reporter-output>
  </reporter-output>
  <suite name="Command line suite" duration-ms="33" started-at="2017-08-24T14:50:27Z" finished-at="2017-08-24T14:50:27Z">
    <groups>
    </groups>
    <test name="Command line test" duration-ms="33" started-at="2017-08-24T14:50:27Z" finished-at="2017-08-24T14:50:27Z">
      <class name="com.solarwindsmsp.AppTest">
        <test-method status="PASS" signature="testApp()" name="testApp" duration-ms="9" started-at="2017-08-24T09:50:27Z" finished-at="2017-08-24T09:50:27Z">
          <reporter-output>
          </reporter-output>
        </test-method> <!-- testApp -->
      </class> <!-- com.solarwindsmsp.AppTest -->
    </test> <!-- Command line test -->
  </suite> <!-- Command line suite -->
</testng-results>
