<?xml version="1.0" encoding="UTF-8"?>
<testng-results skipped="0" failed="0" ignored="0" total="1" passed="1">
  <reporter-output>
  </reporter-output>
  <suite name="Command line suite" duration-ms="8291" started-at="2017-08-24T14:50:19Z" finished-at="2017-08-24T14:50:27Z">
    <groups>
    </groups>
    <test name="Command line test" duration-ms="8291" started-at="2017-08-24T14:50:19Z" finished-at="2017-08-24T14:50:27Z">
      <class name="com.solarwindsmsp.ExampleWebTest">
        <test-method status="PASS" signature="setUp()[pri:0, instance:com.solarwindsmsp.ExampleWebTest@246ae04d]" name="setUp" is-config="true" duration-ms="4319" started-at="2017-08-24T09:50:19Z" finished-at="2017-08-24T09:50:23Z">
          <reporter-output>
          </reporter-output>
        </test-method> <!-- setUp -->
        <test-method status="PASS" signature="test1_invalidCredentials()[pri:0, instance:com.solarwindsmsp.ExampleWebTest@246ae04d]" name="test1_invalidCredentials" duration-ms="3875" started-at="2017-08-24T09:50:23Z" finished-at="2017-08-24T09:50:27Z">
          <reporter-output>
          </reporter-output>
        </test-method> <!-- test1_invalidCredentials -->
        <test-method status="PASS" signature="cleanUp()[pri:0, instance:com.solarwindsmsp.ExampleWebTest@246ae04d]" name="cleanUp" is-config="true" duration-ms="80" started-at="2017-08-24T09:50:27Z" finished-at="2017-08-24T09:50:27Z">
          <reporter-output>
          </reporter-output>
        </test-method> <!-- cleanUp -->
      </class> <!-- com.solarwindsmsp.ExampleWebTest -->
    </test> <!-- Command line test -->
  </suite> <!-- Command line suite -->
</testng-results>
