-------------------------------------------------------------------------------
Test set: TestSuite
-------------------------------------------------------------------------------
Tests run: 1, Failures: 1, Errors: 0, Skipped: 0, Time elapsed: 10.839 s <<< FAILURE! - in TestSuite
test1_invalidCredentials(com.solarwindsmsp.ExampleWebTestFAIL)  Time elapsed: 5.913 s  <<< FAILURE!
java.lang.AssertionError: expected [true] but found [false]
	at com.solarwindsmsp.ExampleWebTestFAIL.test1_invalidCredentials(ExampleWebTestFAIL.java:69)

