<?xml version="1.0" encoding="UTF-8"?>
<testsuite xmlns:xsi="http://www.w3.org/2001/XMLSchema-instance" xsi:noNamespaceSchemaLocation="https://maven.apache.org/surefire/maven-surefire-plugin/xsd/surefire-test-report.xsd" name="TestSuite" time="10.839" tests="1" errors="0" skipped="0" failures="1">
  <properties>
[...]
</properties>
  <testcase name="test1_invalidCredentials" classname="com.solarwindsmsp.ExampleWebTestFAIL" time="5.913">
    <failure message="expected [true] but found [false]" type="java.lang.AssertionError">java.lang.AssertionError: expected [true] but found [false]
	at com.solarwindsmsp.ExampleWebTestFAIL.test1_invalidCredentials(ExampleWebTestFAIL.java:69)
</failure>
    <system-out><![CDATA[no such element: Unable to locate element: {"method":"xpath","selector":"//div[text()='Hello test@email.com']"}
  (Session info: chrome=60.0.3112.101)
  (Driver info: chromedriver=2.24.417412 (ac882d3ce7c0d99292439bf3405780058fcca0a6),platform=Mac OS X 10.12.3 x86_64) (WARNING: The server did not provide any stacktrace information)
Command duration or timeout: 2.06 seconds
For documentation on this error, please visit: http://seleniumhq.org/exceptions/no_such_element.html
Build info: version: '2.53.1', revision: 'a36b8b1cd5757287168e54b817830adce9b0158d', time: '2016-06-30 19:26:09'
System info: host: 'Kellys-MacBook-Pro.local', ip: '169.254.45.158', os.name: 'Mac OS X', os.arch: 'x86_64', os.version: '10.12.3', java.version: '1.8.0_92'
Driver info: org.openqa.selenium.chrome.ChromeDriver
Capabilities [{applicationCacheEnabled=false, rotatable=false, mobileEmulationEnabled=false, networkConnectionEnabled=false, chrome={chromedriverVersion=2.24.417412 (ac882d3ce7c0d99292439bf3405780058fcca0a6), userDataDir=/var/folders/lz/dcz8bfx57rn1g1wjs__4szyh0000gp/T/.org.chromium.Chromium.tLxgZt}, takesHeapSnapshot=true, pageLoadStrategy=normal, databaseEnabled=false, handlesAlerts=true, hasTouchScreen=false, version=60.0.3112.101, platform=MAC, browserConnectionEnabled=false, nativeEvents=true, acceptSslCerts=true, locationContextEnabled=true, webStorageEnabled=true, browserName=chrome, takesScreenshot=true, javascriptEnabled=true, cssSelectorsEnabled=true}]
Session ID: 2202b666ac2691e5e4c22e3857f0861f
*** Element info: {Using=xpath, value=//div[text()='Hello test@email.com']}
]]></system-out>
    <system-err><![CDATA[Starting ChromeDriver 2.24.417412 (ac882d3ce7c0d99292439bf3405780058fcca0a6) on port 16402
Only local connections are allowed.
]]></system-err>
  </testcase>
</testsuite>