<?xml version="1.0" encoding="UTF-8"?>
<!-- Generated by org.testng.reporters.JUnitXMLReporter -->
<testsuite hostname="Kellys-MacBook-Pro.local" ignored="0" name="Test2" tests="1" failures="1" timestamp="24 Aug 2017 15:22:02 GMT" time="10.603" errors="0">
  <testcase name="test1_invalidCredentials" time="5.908" classname="com.solarwindsmsp.ExampleWebTestFAIL">
    <failure type="java.lang.AssertionError" message="expected [true] but found [false]">
      <![CDATA[java.lang.AssertionError: expected [true] but found [false]
	at com.solarwindsmsp.ExampleWebTestFAIL.test1_invalidCredentials(ExampleWebTestFAIL.java:69)
... Removed 32 stack frames]]>
    </failure>
  </testcase> <!-- test1_invalidCredentials -->
</testsuite> <!-- Test2 -->
